<?xml version="1.0" encoding="UTF-8"?>
<!-- Generated by org.testng.reporters.JUnitReportReporter -->
<testsuite hostname="DESKTOP-5AEUS9Q" failures="0" tests="7" name="tests.GlobalSearchTests" time="125.057" errors="0" timestamp="2021-12-21T00:03:41 SAST" skipped="0">
  <testcase classname="tests.GlobalSearchTests" name="TC3_Given_ItemsAddedToCart_When_AddingUpTotalPricePerBrand_Then_CorrectCartValueIsDisplayed" time="19.378"/>
  <system-out>
    <![CDATA[Item price for Fervour is R 499.0
Selected quantity for Fervour is 2
Calculated total price for Fervour items is R 998.0
Displayed total price for Fervour items is R 998.0
<a href='C:\Users\Kapudi.Leshaba\Documents\eclipse-workspace\EndToEnd\target\surefire-reports-20211220215845\images\onTestSuccess235957.png'> <img src='C:\Users\Kapudi.Leshaba\Documents\eclipse-workspace\EndToEnd\target\surefire-reports-20211220215845\images\onTestSuccess235957.png' height='200' width='200'/> </a>]]>
  </system-out>
  <testcase classname="tests.GlobalSearchTests" name="TC3_Given_ItemsAddedToCart_When_AddingUpTotalPricePerBrand_Then_CorrectCartValueIsDisplayed" time="22.046"/>
  <system-out>
    <![CDATA[Item price for LG is R 3859.0
Selected quantity for LG is 7
Calculated total price for LG items is R 27013.0
Displayed total price for LG items is R 27013.0
<a href='C:\Users\Kapudi.Leshaba\Documents\eclipse-workspace\EndToEnd\target\surefire-reports-20211220215845\images\onTestSuccess000019.png'> <img src='C:\Users\Kapudi.Leshaba\Documents\eclipse-workspace\EndToEnd\target\surefire-reports-20211220215845\images\onTestSuccess000019.png' height='200' width='200'/> </a>]]>
  </system-out>
  <testcase classname="tests.GlobalSearchTests" name="TC3_Given_ItemsAddedToCart_When_AddingUpTotalPricePerBrand_Then_CorrectCartValueIsDisplayed" time="20.257"/>
  <system-out>
    <![CDATA[Item price for Samsung is R 2899.0
Selected quantity for Samsung is 3
Calculated total price for Samsung items is R 8697.0
Displayed total price for Samsung items is R 8697.0
<a href='C:\Users\Kapudi.Leshaba\Documents\eclipse-workspace\EndToEnd\target\surefire-reports-20211220215845\images\onTestSuccess000120.png'> <img src='C:\Users\Kapudi.Leshaba\Documents\eclipse-workspace\EndToEnd\target\surefire-reports-20211220215845\images\onTestSuccess000120.png' height='200' width='200'/> </a>]]>
  </system-out>
  <testcase classname="tests.GlobalSearchTests" name="TC3_Given_ItemsAddedToCart_When_AddingUpTotalPricePerBrand_Then_CorrectCartValueIsDisplayed" time="19.527"/>
  <system-out>
    <![CDATA[Item price for Aloma is R 1549.0
Selected quantity for Aloma is 9
Calculated total price for Aloma items is R 13941.0
Displayed total price for Aloma items is R 13941.0
<a href='C:\Users\Kapudi.Leshaba\Documents\eclipse-workspace\EndToEnd\target\surefire-reports-20211220215845\images\onTestSuccess000100.png'> <img src='C:\Users\Kapudi.Leshaba\Documents\eclipse-workspace\EndToEnd\target\surefire-reports-20211220215845\images\onTestSuccess000100.png' height='200' width='200'/> </a>]]>
  </system-out>
  <testcase classname="tests.GlobalSearchTests" name="TC3_Given_ItemsAddedToCart_When_AddingUpTotalPricePerBrand_Then_CorrectCartValueIsDisplayed" time="20.970"/>
  <system-out>
    <![CDATA[Item price for GoPro is R 8299.0
Selected quantity for GoPro is 5
Calculated total price for GoPro items is R 41495.0
Displayed total price for GoPro items is R 41495.0
<a href='C:\Users\Kapudi.Leshaba\Documents\eclipse-workspace\EndToEnd\target\surefire-reports-20211220215845\images\onTestSuccess000040.png'> <img src='C:\Users\Kapudi.Leshaba\Documents\eclipse-workspace\EndToEnd\target\surefire-reports-20211220215845\images\onTestSuccess000040.png' height='200' width='200'/> </a>]]>
  </system-out>
  <testcase classname="tests.GlobalSearchTests" name="TC1_Given_LandedOnHomePage_When_BrandIsSearched_Then_NumberOfItemsMustBeMoreThanZero" time="7.727"/>
  <system-out>
    <![CDATA[This brand has 461 items available
<a href='C:\Users\Kapudi.Leshaba\Documents\eclipse-workspace\EndToEnd\target\surefire-reports-20211220215845\images\onTestSuccess235920.png'> <img src='C:\Users\Kapudi.Leshaba\Documents\eclipse-workspace\EndToEnd\target\surefire-reports-20211220215845\images\onTestSuccess235920.png' height='200' width='200'/> </a>]]>
  </system-out>
  <testcase classname="tests.GlobalSearchTests" name="TC2_Given_BrandIsSearched_And_FirstItemSelected_When_ItemIsAddedToCart_Then_AddedToCartIsDisplayed" time="15.152"/>
  <system-out>
    <![CDATA[Expected text is "Added to cart"; text displayed on pop-up is "Added to cart"
<a href='C:\Users\Kapudi.Leshaba\Documents\eclipse-workspace\EndToEnd\target\surefire-reports-20211220215845\images\onTestSuccess235936.png'> <img src='C:\Users\Kapudi.Leshaba\Documents\eclipse-workspace\EndToEnd\target\surefire-reports-20211220215845\images\onTestSuccess235936.png' height='200' width='200'/> </a>]]>
  </system-out>
</testsuite> <!-- tests.GlobalSearchTests -->
