<?xml version="1.0" encoding="UTF-8"?>
<!-- Generated by org.testng.reporters.JUnitReportReporter -->
<testsuite hostname="DESKTOP-5AEUS9Q" failures="0" tests="2" name="tests.FreeDeliveryAlertTests" time="122.537" errors="0" timestamp="2021-12-21T00:03:41 SAST" skipped="0">
  <testcase classname="tests.FreeDeliveryAlertTests" name="TC4_Given_AlertToQualifyForFreeDeliveryDisplayed_When_MoreItemsAddedToQualify_Then_AlertDisappears" time="105.211"/>
  <system-out>
    <![CDATA[The FREE DELIVERY alert message has disappeared on page
<a href='C:\Users\Kapudi.Leshaba\Documents\eclipse-workspace\EndToEnd\target\surefire-reports-20211220215845\images\onTestSuccess000339.png'> <img src='C:\Users\Kapudi.Leshaba\Documents\eclipse-workspace\EndToEnd\target\surefire-reports-20211220215845\images\onTestSuccess000339.png' height='200' width='200'/> </a>]]>
  </system-out>
  <testcase classname="tests.FreeDeliveryAlertTests" name="TC4_Given_AlertToQualifyForFreeDeliveryDisplayed_When_MoreItemsAddedToQualify_Then_AlertDisappears" time="17.326"/>
  <system-out>
    <![CDATA["Spend R450 or more to get FREE DELIVERY. T&Cs apply" is displayed on page
<a href='C:\Users\Kapudi.Leshaba\Documents\eclipse-workspace\EndToEnd\target\surefire-reports-20211220215845\images\onTestSuccess000154.png'> <img src='C:\Users\Kapudi.Leshaba\Documents\eclipse-workspace\EndToEnd\target\surefire-reports-20211220215845\images\onTestSuccess000154.png' height='200' width='200'/> </a>]]>
  </system-out>
</testsuite> <!-- tests.FreeDeliveryAlertTests -->
