<?xml version="1.0" encoding="UTF-8"?>
<!-- Generated by org.testng.reporters.JUnitReportReporter -->
<testsuite hostname="DESKTOP-5AEUS9Q" failures="0" tests="2" name="tests.FreeDeliveryAlertTests" time="110.340" errors="0" timestamp="2021-12-23T14:51:07 SAST" skipped="0">
  <testcase classname="tests.FreeDeliveryAlertTests" name="TC4_Given_AlertToQualifyForFreeDeliveryDisplayed_When_MoreItemsAddedToQualify_Then_AlertDisappears" time="10.312"/>
  <system-out>
    <![CDATA["Spend R450 or more to get FREE DELIVERY. T&Cs apply" is displayed on page]]>
  </system-out>
  <testcase classname="tests.FreeDeliveryAlertTests" name="TC4_Given_AlertToQualifyForFreeDeliveryDisplayed_When_MoreItemsAddedToQualify_Then_AlertDisappears" time="100.028"/>
  <system-out>
    <![CDATA[The FREE DELIVERY alert message has disappeared on page]]>
  </system-out>
</testsuite> <!-- tests.FreeDeliveryAlertTests -->
