<?xml version="1.0" encoding="UTF-8"?>
<!-- Generated by org.testng.reporters.JUnitReportReporter -->
<testsuite hostname="DESKTOP-5AEUS9Q" failures="0" tests="1" name="tests.Tests" time="8.611" errors="0" timestamp="2021-12-01T23:40:04 SAST" skipped="0">
  <testcase classname="tests.Tests" name="Given_VisitToTakealotHomePage_When_BrandIsSearched_Then_NumberOfItemsMustBeMoreThanZero" time="8.611"/>
  <system-out/>
</testsuite> <!-- tests.Tests -->
