<?xml version="1.0" encoding="UTF-8"?>
<!-- Generated by org.testng.reporters.JUnitReportReporter -->
<testsuite hostname="DESKTOP-5AEUS9Q" failures="0" tests="1" name="framework.BasePage" time="0.841" errors="0" timestamp="2021-11-14T11:18:19 SAST" skipped="0">
  <testcase classname="framework.BasePage" name="goHome" time="0.841"/>
  <system-out/>
</testsuite> <!-- framework.BasePage -->
