<?xml version="1.0" encoding="UTF-8"?>
<!-- Generated by org.testng.reporters.JUnitReportReporter -->
<testsuite hostname="DESKTOP-5AEUS9Q" failures="0" tests="7" name="tests.GlobalSearchTests" time="93.940" errors="0" timestamp="2021-12-23T14:37:28 SAST" skipped="0">
  <testcase classname="tests.GlobalSearchTests" name="TC3_Given_ItemsAddedToCart_When_AddingUpTotalPricePerBrand_Then_CorrectCartValueIsDisplayed" time="12.974"/>
  <system-out>
    <![CDATA[Item price for GoPro is R 8299.0
Selected quantity for GoPro is 5
Calculated total price for GoPro items is R 41495.0
Displayed total price for GoPro items is R 41495.0]]>
  </system-out>
  <testcase classname="tests.GlobalSearchTests" name="TC1_Given_LandedOnHomePage_When_BrandIsSearched_Then_NumberOfItemsMustBeMoreThanZero" time="20.703"/>
  <system-out>
    <![CDATA[This brand has 383 items available]]>
  </system-out>
  <testcase classname="tests.GlobalSearchTests" name="TC3_Given_ItemsAddedToCart_When_AddingUpTotalPricePerBrand_Then_CorrectCartValueIsDisplayed" time="12.359"/>
  <system-out>
    <![CDATA[Item price for LG is R 3859.0
Selected quantity for LG is 7
Calculated total price for LG items is R 27013.0
Displayed total price for LG items is R 27013.0]]>
  </system-out>
  <testcase classname="tests.GlobalSearchTests" name="TC3_Given_ItemsAddedToCart_When_AddingUpTotalPricePerBrand_Then_CorrectCartValueIsDisplayed" time="12.364"/>
  <system-out>
    <![CDATA[Item price for Fervour is R 499.0
Selected quantity for Fervour is 2
Calculated total price for Fervour items is R 998.0
Displayed total price for Fervour items is R 998.0]]>
  </system-out>
  <testcase classname="tests.GlobalSearchTests" name="TC3_Given_ItemsAddedToCart_When_AddingUpTotalPricePerBrand_Then_CorrectCartValueIsDisplayed" time="12.898"/>
  <system-out>
    <![CDATA[Item price for Samsung is R 2338.0
Selected quantity for Samsung is 3
Calculated total price for Samsung items is R 7014.0
Displayed total price for Samsung items is R 7014.0]]>
  </system-out>
  <testcase classname="tests.GlobalSearchTests" name="TC2_Given_BrandIsSearched_And_FirstItemSelected_When_ItemIsAddedToCart_Then_AddedToCartIsDisplayed" time="10.642"/>
  <system-out>
    <![CDATA[Expected text is "Added to cart"; text displayed on pop-up is "Added to cart"]]>
  </system-out>
  <testcase classname="tests.GlobalSearchTests" name="TC3_Given_ItemsAddedToCart_When_AddingUpTotalPricePerBrand_Then_CorrectCartValueIsDisplayed" time="12.000"/>
  <system-out>
    <![CDATA[Item price for Aloma is R 1549.0
Selected quantity for Aloma is 9
Calculated total price for Aloma items is R 13941.0
Displayed total price for Aloma items is R 13941.0]]>
  </system-out>
</testsuite> <!-- tests.GlobalSearchTests -->
