<?xml version="1.0" encoding="UTF-8"?>
<!-- Generated by org.testng.reporters.JUnitReportReporter -->
<testsuite hostname="DESKTOP-5AEUS9Q" failures="0" tests="6" name="tests.SearchTests" time="109.561" errors="0" timestamp="2021-12-11T21:57:02 SAST" skipped="0">
  <testcase classname="tests.SearchTests" name="TC3_Given_ItemsAddedToCart_When_AddingUpTotalPricePerBrand_Then_CorrectCartValueIsDisplayed" time="17.509"/>
  <system-out/>
  <testcase classname="tests.SearchTests" name="TC1_Given_LandedOnHomePage_When_BrandIsSearched_Then_NumberOfItemsMustBeMoreThanZero" time="14.879"/>
  <system-out/>
  <testcase classname="tests.SearchTests" name="TC3_Given_ItemsAddedToCart_When_AddingUpTotalPricePerBrand_Then_CorrectCartValueIsDisplayed" time="19.610"/>
  <system-out/>
  <testcase classname="tests.SearchTests" name="TC3_Given_ItemsAddedToCart_When_AddingUpTotalPricePerBrand_Then_CorrectCartValueIsDisplayed" time="18.395"/>
  <system-out/>
  <testcase classname="tests.SearchTests" name="TC3_Given_ItemsAddedToCart_When_AddingUpTotalPricePerBrand_Then_CorrectCartValueIsDisplayed" time="20.092"/>
  <system-out/>
  <testcase classname="tests.SearchTests" name="TC3_Given_ItemsAddedToCart_When_AddingUpTotalPricePerBrand_Then_CorrectCartValueIsDisplayed" time="19.076"/>
  <system-out/>
</testsuite> <!-- tests.SearchTests -->
